# JRE version: Java(TM) SE Runtime Environment (8.0_60-b27) (build 1.8.0_60-b27)
# Java VM: Java HotSpot(TM) 64-Bit Server VM (25.60-b23 mixed mode windows-amd64 compressed oops)
Heap:
 PSYoungGen      total 138752K, used 75784K [0x00000000d5700000, 0x00000000e6d00000, 0x0000000100000000)
  eden space 133120K, 56% used [0x00000000d5700000,0x00000000da1023e0,0x00000000dd900000)
  from space 5632K, 0% used [0x00000000dd900000,0x00000000dd900000,0x00000000dde80000)
  to   space 9216K, 0% used [0x00000000e6400000,0x00000000e6400000,0x00000000e6d00000)
 ParOldGen       total 48640K, used 10211K [0x0000000080400000, 0x0000000083380000, 0x00000000d5700000)
  object space 48640K, 20% used [0x0000000080400000,0x0000000080df8fb8,0x0000000083380000)
 Metaspace       used 23915K, capacity 24920K, committed 25088K, reserved 1071104K
  class space    used 3228K, capacity 3470K, committed 3584K, reserved 1048576K
GC Heap History (10 events):
Event: 0.988 GC heap before
{Heap before GC invocations=4 (full 0):
 PSYoungGen      total 38400K, used 38105K [0x00000000d5700000, 0x00000000da200000, 0x0000000100000000)
  eden space 33280K, 99% used [0x00000000d5700000,0x00000000d77702e8,0x00000000d7780000)
  from space 5120K, 95% used [0x00000000d7780000,0x00000000d7c46408,0x00000000d7c80000)
  to   space 5120K, 0% used [0x00000000d9d00000,0x00000000d9d00000,0x00000000da200000)
 ParOldGen       total 87552K, used 88K [0x0000000080400000, 0x0000000085980000, 0x00000000d5700000)
  object space 87552K, 0% used [0x0000000080400000,0x0000000080416010,0x0000000085980000)
 Metaspace       used 16409K, capacity 17118K, committed 17408K, reserved 1064960K
  class space    used 2333K, capacity 2497K, committed 2560K, reserved 1048576K
Event: 0.992 GC heap after
Heap after GC invocations=4 (full 0):
 PSYoungGen      total 71680K, used 4942K [0x00000000d5700000, 0x00000000da200000, 0x0000000100000000)
  eden space 66560K, 0% used [0x00000000d5700000,0x00000000d5700000,0x00000000d9800000)
  from space 5120K, 96% used [0x00000000d9d00000,0x00000000da1d3848,0x00000000da200000)
  to   space 5120K, 0% used [0x00000000d9800000,0x00000000d9800000,0x00000000d9d00000)
 ParOldGen       total 87552K, used 96K [0x0000000080400000, 0x0000000085980000, 0x00000000d5700000)
  object space 87552K, 0% used [0x0000000080400000,0x0000000080418010,0x0000000085980000)
 Metaspace       used 16409K, capacity 17118K, committed 17408K, reserved 1064960K
  class space    used 2333K, capacity 2497K, committed 2560K, reserved 1048576K
}
Event: 1.013 GC heap before
{Heap before GC invocations=5 (full 0):
 PSYoungGen      total 71680K, used 71502K [0x00000000d5700000, 0x00000000da200000, 0x0000000100000000)
  eden space 66560K, 100% used [0x00000000d5700000,0x00000000d9800000,0x00000000d9800000)
  from space 5120K, 96% used [0x00000000d9d00000,0x00000000da1d3848,0x00000000da200000)
  to   space 5120K, 0% used [0x00000000d9800000,0x00000000d9800000,0x00000000d9d00000)
 ParOldGen       total 87552K, used 96K [0x0000000080400000, 0x0000000085980000, 0x00000000d5700000)
  object space 87552K, 0% used [0x0000000080400000,0x0000000080418010,0x0000000085980000)
 Metaspace       used 16814K, capacity 17514K, committed 17792K, reserved 1064960K
  class space    used 2465K, capacity 2627K, committed 2688K, reserved 1048576K
Event: 1.017 GC heap after
Heap after GC invocations=5 (full 0):
 PSYoungGen      total 71680K, used 5073K [0x00000000d5700000, 0x00000000de400000, 0x0000000100000000)
  eden space 66560K, 0% used [0x00000000d5700000,0x00000000d5700000,0x00000000d9800000)
  from space 5120K, 99% used [0x00000000d9800000,0x00000000d9cf4508,0x00000000d9d00000)
  to   space 5632K, 0% used [0x00000000dde80000,0x00000000dde80000,0x00000000de400000)
 ParOldGen       total 87552K, used 104K [0x0000000080400000, 0x0000000085980000, 0x00000000d5700000)
  object space 87552K, 0% used [0x0000000080400000,0x000000008041a010,0x0000000085980000)
 Metaspace       used 16814K, capacity 17514K, committed 17792K, reserved 1064960K
  class space    used 2465K, capacity 2627K, committed 2688K, reserved 1048576K
}
Event: 1.033 GC heap before
{Heap before GC invocations=6 (full 0):
 PSYoungGen      total 71680K, used 71559K [0x00000000d5700000, 0x00000000de400000, 0x0000000100000000)
  eden space 66560K, 99% used [0x00000000d5700000,0x00000000d97ed7e0,0x00000000d9800000)
  from space 5120K, 99% used [0x00000000d9800000,0x00000000d9cf4508,0x00000000d9d00000)
  to   space 5632K, 0% used [0x00000000dde80000,0x00000000dde80000,0x00000000de400000)
 ParOldGen       total 87552K, used 104K [0x0000000080400000, 0x0000000085980000, 0x00000000d5700000)
  object space 87552K, 0% used [0x0000000080400000,0x000000008041a010,0x0000000085980000)
 Metaspace       used 16987K, capacity 17648K, committed 17792K, reserved 1064960K
  class space    used 2497K, capacity 2628K, committed 2688K, reserved 1048576K
Event: 1.038 GC heap after
Heap after GC invocations=6 (full 0):
 PSYoungGen      total 138752K, used 5151K [0x00000000d5700000, 0x00000000de400000, 0x0000000100000000)
  eden space 133120K, 0% used [0x00000000d5700000,0x00000000d5700000,0x00000000dd900000)
  from space 5632K, 91% used [0x00000000dde80000,0x00000000de387fc0,0x00000000de400000)
  to   space 5632K, 0% used [0x00000000dd900000,0x00000000dd900000,0x00000000dde80000)
 ParOldGen       total 87552K, used 112K [0x0000000080400000, 0x0000000085980000, 0x00000000d5700000)
  object space 87552K, 0% used [0x0000000080400000,0x000000008041c010,0x0000000085980000)
 Metaspace       used 16987K, capacity 17648K, committed 17792K, reserved 1064960K
  class space    used 2497K, capacity 2628K, committed 2688K, reserved 1048576K
}
Event: 13.231 GC heap before
{Heap before GC invocations=7 (full 0):
 PSYoungGen      total 138752K, used 69792K [0x00000000d5700000, 0x00000000de400000, 0x0000000100000000)
  eden space 133120K, 48% used [0x00000000d5700000,0x00000000d9620108,0x00000000dd900000)
  from space 5632K, 91% used [0x00000000dde80000,0x00000000de387fc0,0x00000000de400000)
  to   space 5632K, 0% used [0x00000000dd900000,0x00000000dd900000,0x00000000dde80000)
 ParOldGen       total 87552K, used 112K [0x0000000080400000, 0x0000000085980000, 0x00000000d5700000)
  object space 87552K, 0% used [0x0000000080400000,0x000000008041c010,0x0000000085980000)
 Metaspace       used 20243K, capacity 21122K, committed 21296K, reserved 1067008K
  class space    used 2871K, capacity 3087K, committed 3200K, reserved 1048576K
Event: 13.238 GC heap after
Heap after GC invocations=7 (full 0):
 PSYoungGen      total 138752K, used 5612K [0x00000000d5700000, 0x00000000e6d00000, 0x0000000100000000)
  eden space 133120K, 0% used [0x00000000d5700000,0x00000000d5700000,0x00000000dd900000)
  from space 5632K, 99% used [0x00000000dd900000,0x00000000dde7b058,0x00000000dde80000)
  to   space 9216K, 0% used [0x00000000e6400000,0x00000000e6400000,0x00000000e6d00000)
 ParOldGen       total 87552K, used 6898K [0x0000000080400000, 0x0000000085980000, 0x00000000d5700000)
  object space 87552K, 7% used [0x0000000080400000,0x0000000080abc868,0x0000000085980000)
 Metaspace       used 20243K, capacity 21122K, committed 21296K, reserved 1067008K
  class space    used 2871K, capacity 3087K, committed 3200K, reserved 1048576K
}
Event: 13.238 GC heap before
{Heap before GC invocations=8 (full 1):
 PSYoungGen      total 138752K, used 5612K [0x00000000d5700000, 0x00000000e6d00000, 0x0000000100000000)
  eden space 133120K, 0% used [0x00000000d5700000,0x00000000d5700000,0x00000000dd900000)
  from space 5632K, 99% used [0x00000000dd900000,0x00000000dde7b058,0x00000000dde80000)
  to   space 9216K, 0% used [0x00000000e6400000,0x00000000e6400000,0x00000000e6d00000)
 ParOldGen       total 87552K, used 6898K [0x0000000080400000, 0x0000000085980000, 0x00000000d5700000)
  object space 87552K, 7% used [0x0000000080400000,0x0000000080abc868,0x0000000085980000)
 Metaspace       used 20243K, capacity 21122K, committed 21296K, reserved 1067008K
  class space    used 2871K, capacity 3087K, committed 3200K, reserved 1048576K
Event: 13.304 GC heap after
Heap after GC invocations=8 (full 1):
 PSYoungGen      total 138752K, used 0K [0x00000000d5700000, 0x00000000e6d00000, 0x0000000100000000)
  eden space 133120K, 0% used [0x00000000d5700000,0x00000000d5700000,0x00000000dd900000)
  from space 5632K, 0% used [0x00000000dd900000,0x00000000dd900000,0x00000000dde80000)
  to   space 9216K, 0% used [0x00000000e6400000,0x00000000e6400000,0x00000000e6d00000)
 ParOldGen       total 48640K, used 10211K [0x0000000080400000, 0x0000000083380000, 0x00000000d5700000)
  object space 48640K, 20% used [0x0000000080400000,0x0000000080df8fb8,0x0000000083380000)
 Metaspace       used 20243K, capacity 21122K, committed 21296K, reserved 1067008K
  class space    used 2871K, capacity 3087K, committed 3200K, reserved 1048576K
}

